[2025-03-19 13:40:38Z INFO HostContext] No proxy settings were found based on environmental variables (http_proxy/https_proxy/HTTP_PROXY/HTTPS_PROXY)
[2025-03-19 13:40:38Z INFO HostContext] Well known directory 'Bin': 'C:\Users\ouldr\OneDrive\Bureau\rahimdocker\CI-CD\actions-runner\bin'
[2025-03-19 13:40:38Z INFO HostContext] Well known directory 'Root': 'C:\Users\ouldr\OneDrive\Bureau\rahimdocker\CI-CD\actions-runner'
[2025-03-19 13:40:38Z INFO HostContext] Well known config file 'Credentials': 'C:\Users\ouldr\OneDrive\Bureau\rahimdocker\CI-CD\actions-runner\.credentials'
[2025-03-19 13:40:38Z INFO HostContext] Well known directory 'Bin': 'C:\Users\ouldr\OneDrive\Bureau\rahimdocker\CI-CD\actions-runner\bin'
[2025-03-19 13:40:38Z INFO HostContext] Well known directory 'Root': 'C:\Users\ouldr\OneDrive\Bureau\rahimdocker\CI-CD\actions-runner'
[2025-03-19 13:40:38Z INFO HostContext] Well known config file 'Runner': 'C:\Users\ouldr\OneDrive\Bureau\rahimdocker\CI-CD\actions-runner\.runner'
[2025-03-19 13:40:38Z INFO Listener] Runner is built for Windows (X64) - win-x64.
[2025-03-19 13:40:38Z INFO Listener] RuntimeInformation: Microsoft Windows 10.0.22631.
[2025-03-19 13:40:38Z INFO Listener] Version: 2.322.0
[2025-03-19 13:40:38Z INFO Listener] Commit: 0edc478ca75d0a753dcbcec7405f3f26db67b1ac
[2025-03-19 13:40:38Z INFO Listener] Culture: fr-FR
[2025-03-19 13:40:38Z INFO Listener] UI Culture: fr-FR
[2025-03-19 13:40:38Z INFO HostContext] Well known directory 'Bin': 'C:\Users\ouldr\OneDrive\Bureau\rahimdocker\CI-CD\actions-runner\bin'
[2025-03-19 13:40:38Z INFO HostContext] Well known directory 'Root': 'C:\Users\ouldr\OneDrive\Bureau\rahimdocker\CI-CD\actions-runner'
[2025-03-19 13:40:38Z INFO Listener] Validating directory permissions for: 'C:\Users\ouldr\OneDrive\Bureau\rahimdocker\CI-CD\actions-runner'
[2025-03-19 13:40:38Z INFO CommandLineParser] Parse
[2025-03-19 13:40:38Z INFO CommandLineParser] Parsing 1 args
[2025-03-19 13:40:38Z INFO CommandLineParser] parsing argument
[2025-03-19 13:40:38Z INFO CommandLineParser] HasArgs: False
[2025-03-19 13:40:38Z INFO CommandLineParser] Adding Command: run
[2025-03-19 13:40:38Z INFO Listener] Arguments parsed
[2025-03-19 13:40:38Z INFO Runner] ExecuteCommand
[2025-03-19 13:40:38Z INFO ConfigurationStore] currentAssemblyLocation: C:\Users\ouldr\OneDrive\Bureau\rahimdocker\CI-CD\actions-runner\bin\Runner.Listener.dll
[2025-03-19 13:40:38Z INFO HostContext] Well known directory 'Bin': 'C:\Users\ouldr\OneDrive\Bureau\rahimdocker\CI-CD\actions-runner\bin'
[2025-03-19 13:40:38Z INFO ConfigurationStore] binPath: C:\Users\ouldr\OneDrive\Bureau\rahimdocker\CI-CD\actions-runner\bin
[2025-03-19 13:40:38Z INFO HostContext] Well known directory 'Bin': 'C:\Users\ouldr\OneDrive\Bureau\rahimdocker\CI-CD\actions-runner\bin'
[2025-03-19 13:40:38Z INFO HostContext] Well known directory 'Root': 'C:\Users\ouldr\OneDrive\Bureau\rahimdocker\CI-CD\actions-runner'
[2025-03-19 13:40:38Z INFO ConfigurationStore] RootFolder: C:\Users\ouldr\OneDrive\Bureau\rahimdocker\CI-CD\actions-runner
[2025-03-19 13:40:38Z INFO HostContext] Well known directory 'Bin': 'C:\Users\ouldr\OneDrive\Bureau\rahimdocker\CI-CD\actions-runner\bin'
[2025-03-19 13:40:38Z INFO HostContext] Well known directory 'Root': 'C:\Users\ouldr\OneDrive\Bureau\rahimdocker\CI-CD\actions-runner'
[2025-03-19 13:40:38Z INFO HostContext] Well known config file 'Runner': 'C:\Users\ouldr\OneDrive\Bureau\rahimdocker\CI-CD\actions-runner\.runner'
[2025-03-19 13:40:38Z INFO ConfigurationStore] ConfigFilePath: C:\Users\ouldr\OneDrive\Bureau\rahimdocker\CI-CD\actions-runner\.runner
[2025-03-19 13:40:38Z INFO HostContext] Well known directory 'Bin': 'C:\Users\ouldr\OneDrive\Bureau\rahimdocker\CI-CD\actions-runner\bin'
[2025-03-19 13:40:38Z INFO HostContext] Well known directory 'Root': 'C:\Users\ouldr\OneDrive\Bureau\rahimdocker\CI-CD\actions-runner'
[2025-03-19 13:40:38Z INFO HostContext] Well known config file 'Credentials': 'C:\Users\ouldr\OneDrive\Bureau\rahimdocker\CI-CD\actions-runner\.credentials'
[2025-03-19 13:40:38Z INFO ConfigurationStore] CredFilePath: C:\Users\ouldr\OneDrive\Bureau\rahimdocker\CI-CD\actions-runner\.credentials
[2025-03-19 13:40:38Z INFO HostContext] Well known directory 'Bin': 'C:\Users\ouldr\OneDrive\Bureau\rahimdocker\CI-CD\actions-runner\bin'
[2025-03-19 13:40:38Z INFO HostContext] Well known directory 'Root': 'C:\Users\ouldr\OneDrive\Bureau\rahimdocker\CI-CD\actions-runner'
[2025-03-19 13:40:38Z INFO HostContext] Well known config file 'MigratedCredentials': 'C:\Users\ouldr\OneDrive\Bureau\rahimdocker\CI-CD\actions-runner\.credentials_migrated'
[2025-03-19 13:40:38Z INFO ConfigurationStore] MigratedCredFilePath: C:\Users\ouldr\OneDrive\Bureau\rahimdocker\CI-CD\actions-runner\.credentials_migrated
[2025-03-19 13:40:38Z INFO HostContext] Well known directory 'Bin': 'C:\Users\ouldr\OneDrive\Bureau\rahimdocker\CI-CD\actions-runner\bin'
[2025-03-19 13:40:38Z INFO HostContext] Well known directory 'Root': 'C:\Users\ouldr\OneDrive\Bureau\rahimdocker\CI-CD\actions-runner'
[2025-03-19 13:40:38Z INFO HostContext] Well known config file 'Service': 'C:\Users\ouldr\OneDrive\Bureau\rahimdocker\CI-CD\actions-runner\.service'
[2025-03-19 13:40:38Z INFO ConfigurationStore] ServiceConfigFilePath: C:\Users\ouldr\OneDrive\Bureau\rahimdocker\CI-CD\actions-runner\.service
[2025-03-19 13:40:38Z INFO CommandSettings] Flag 'help': 'False'
[2025-03-19 13:40:38Z INFO CommandSettings] Flag 'version': 'False'
[2025-03-19 13:40:38Z INFO CommandSettings] Flag 'commit': 'False'
[2025-03-19 13:40:38Z INFO CommandSettings] Flag 'check': 'False'
[2025-03-19 13:40:38Z INFO CommandSettings] Command 'configure': 'False'
[2025-03-19 13:40:38Z INFO CommandSettings] Command 'remove': 'False'
[2025-03-19 13:40:38Z INFO CommandSettings] Command 'warmup': 'False'
[2025-03-19 13:40:38Z INFO ConfigurationManager] LoadSettings
[2025-03-19 13:40:38Z INFO ConfigurationStore] IsConfigured()
[2025-03-19 13:40:38Z INFO ConfigurationStore] IsConfigured: True
[2025-03-19 13:40:38Z INFO ConfigurationManager] Is configured: True
[2025-03-19 13:40:38Z INFO ConfigurationStore] Read setting file: 304 chars
[2025-03-19 13:40:38Z INFO ConfigurationManager] Settings Loaded
[2025-03-19 13:40:38Z INFO ConfigurationStore] IsServiceConfigured()
[2025-03-19 13:40:38Z INFO ConfigurationStore] IsServiceConfigured: False
[2025-03-19 13:40:38Z INFO CommandSettings] Command 'run': 'True'
[2025-03-19 13:40:38Z INFO ConfigurationStore] IsConfigured()
[2025-03-19 13:40:38Z INFO ConfigurationStore] IsConfigured: True
[2025-03-19 13:40:38Z INFO ConfigurationManager] Is configured: True
[2025-03-19 13:40:38Z INFO Runner] Could not parse the argument value '' for StartupType. Defaulting to Manual
[2025-03-19 13:40:38Z INFO Runner] Set runner startup type - Manual
[2025-03-19 13:40:38Z INFO CommandSettings] Flag 'once': 'False'
[2025-03-19 13:40:38Z INFO CommandSettings] Flag 'once': 'False'
[2025-03-19 13:40:38Z INFO Runner] RunAsync
[2025-03-19 13:40:38Z INFO ConfigurationManager] LoadSettings
[2025-03-19 13:40:38Z INFO ConfigurationStore] IsConfigured()
[2025-03-19 13:40:38Z INFO ConfigurationStore] IsConfigured: True
[2025-03-19 13:40:38Z INFO ConfigurationManager] Is configured: True
[2025-03-19 13:40:38Z INFO ConfigurationManager] Settings Loaded
[2025-03-19 13:40:38Z INFO MessageListener] {
  "AgentId": 4,
  "AgentName": "Hamou11",
  "PoolId": 1,
  "PoolName": "Default",
  "ServerUrl": "https://pipelinesghubeus9.actions.githubusercontent.com/PdtU51WDWCCnMKmn0hmHXDHtBftpRdZPRTCXdtzIticdsrzZPD/",
  "GitHubUrl": "https://github.com/ouldmahammedhamou/CI-CD",
  "WorkFolder": "_work"
}
[2025-03-19 13:40:38Z INFO MessageListener] Loading Credentials
[2025-03-19 13:40:38Z INFO ConfigurationStore] HasCredentials()
[2025-03-19 13:40:38Z INFO ConfigurationStore] stored True
[2025-03-19 13:40:38Z INFO CredentialManager] GetCredentialProvider
[2025-03-19 13:40:38Z INFO CredentialManager] Creating type OAuth
[2025-03-19 13:40:38Z INFO CredentialManager] Creating credential type: OAuth
[2025-03-19 13:40:38Z INFO HostContext] Well known directory 'Bin': 'C:\Users\ouldr\OneDrive\Bureau\rahimdocker\CI-CD\actions-runner\bin'
[2025-03-19 13:40:38Z INFO HostContext] Well known directory 'Root': 'C:\Users\ouldr\OneDrive\Bureau\rahimdocker\CI-CD\actions-runner'
[2025-03-19 13:40:38Z INFO HostContext] Well known config file 'RSACredentials': 'C:\Users\ouldr\OneDrive\Bureau\rahimdocker\CI-CD\actions-runner\.credentials_rsaparams'
[2025-03-19 13:40:38Z INFO RSAEncryptedFileKeyManager] Loading RSA key parameters from file C:\Users\ouldr\OneDrive\Bureau\rahimdocker\CI-CD\actions-runner\.credentials_rsaparams
[2025-03-19 13:40:38Z INFO MessageListener] Attempt to create session.
[2025-03-19 13:40:38Z INFO MessageListener] Connecting to the Runner Server...
[2025-03-19 13:40:38Z INFO RunnerServer] EstablishVssConnection
[2025-03-19 13:40:38Z INFO RunnerServer] Establish connection with 100 seconds timeout.
[2025-03-19 13:40:38Z INFO GitHubActionsService] Starting operation Location.GetConnectionData
[2025-03-19 13:40:38Z INFO RunnerServer] EstablishVssConnection
[2025-03-19 13:40:38Z INFO RunnerServer] Establish connection with 60 seconds timeout.
[2025-03-19 13:40:38Z INFO GitHubActionsService] Starting operation Location.GetConnectionData
[2025-03-19 13:40:38Z INFO RunnerServer] EstablishVssConnection
[2025-03-19 13:40:38Z INFO RunnerServer] Establish connection with 60 seconds timeout.
[2025-03-19 13:40:38Z INFO GitHubActionsService] Starting operation Location.GetConnectionData
[2025-03-19 13:40:42Z INFO GitHubActionsService] Finished operation Location.GetConnectionData
[2025-03-19 13:40:42Z INFO GitHubActionsService] Finished operation Location.GetConnectionData
[2025-03-19 13:40:42Z INFO GitHubActionsService] Finished operation Location.GetConnectionData
[2025-03-19 13:40:43Z INFO MessageListener] VssConnection created
[2025-03-19 13:40:43Z INFO Terminal] WRITE LINE: 
[2025-03-19 13:40:43Z INFO Terminal] WRITE LINE: 
[2025-03-19 13:40:44Z INFO RSAEncryptedFileKeyManager] Loading RSA key parameters from file C:\Users\ouldr\OneDrive\Bureau\rahimdocker\CI-CD\actions-runner\.credentials_rsaparams
[2025-03-19 13:40:44Z INFO RSAEncryptedFileKeyManager] Loading RSA key parameters from file C:\Users\ouldr\OneDrive\Bureau\rahimdocker\CI-CD\actions-runner\.credentials_rsaparams
[2025-03-19 13:40:51Z INFO GitHubActionsService] AAD Correlation ID for this token request: Unknown
[2025-03-19 13:40:51Z WARN GitHubActionsService] Retrieving an AAD auth token took a long time (7.7496025 seconds)
[2025-03-19 13:40:53Z INFO MessageListener] Session created.
[2025-03-19 13:40:53Z INFO Terminal] WRITE LINE: Current runner version: '2.322.0'
[2025-03-19 13:40:53Z INFO Terminal] WRITE LINE: 2025-03-19 13:40:53Z: Listening for Jobs
[2025-03-19 13:40:53Z INFO JobDispatcher] Set runner/worker IPC timeout to 30 seconds.
[2025-03-19 13:40:55Z INFO RSAEncryptedFileKeyManager] Loading RSA key parameters from file C:\Users\ouldr\OneDrive\Bureau\rahimdocker\CI-CD\actions-runner\.credentials_rsaparams
[2025-03-19 13:41:09Z INFO GitHubActionsService] AAD Correlation ID for this token request: Unknown
[2025-03-19 13:41:09Z WARN GitHubActionsService] Retrieving an AAD auth token took a long time (13.7183571 seconds)
[2025-03-19 13:41:15Z INFO MessageListener] Message '1449466304241966087' received from session '892f56ae-a796-4577-a47b-c926f283ce81'.
[2025-03-19 13:41:15Z INFO ConfigurationStore] HasCredentials()
[2025-03-19 13:41:15Z INFO ConfigurationStore] stored True
[2025-03-19 13:41:15Z INFO CredentialManager] GetCredentialProvider
[2025-03-19 13:41:15Z INFO CredentialManager] Creating type OAuth
[2025-03-19 13:41:15Z INFO CredentialManager] Creating credential type: OAuth
[2025-03-19 13:41:15Z INFO RSAEncryptedFileKeyManager] Loading RSA key parameters from file C:\Users\ouldr\OneDrive\Bureau\rahimdocker\CI-CD\actions-runner\.credentials_rsaparams
[2025-03-19 13:41:15Z INFO RSAEncryptedFileKeyManager] Loading RSA key parameters from file C:\Users\ouldr\OneDrive\Bureau\rahimdocker\CI-CD\actions-runner\.credentials_rsaparams
[2025-03-19 13:41:15Z INFO RSAEncryptedFileKeyManager] Loading RSA key parameters from file C:\Users\ouldr\OneDrive\Bureau\rahimdocker\CI-CD\actions-runner\.credentials_rsaparams
[2025-03-19 13:41:18Z INFO GitHubActionsService] AAD Correlation ID for this token request: Unknown
[2025-03-19 13:41:18Z WARN GitHubActionsService] Retrieving an AAD auth token took a long time (2.8994394 seconds)
[2025-03-19 13:41:27Z INFO JobDispatcher] Job request 0 for plan 0edd8b67-74d2-46c4-8a7f-6a5231d29bfa job 0fa4e816-d3b1-5700-bf7e-0eccdbbb4d54 received.
[2025-03-19 13:41:27Z INFO MessageListener] Received job status event. JobState: Busy
[2025-03-19 13:41:27Z INFO MessageListener] _getMessagesTokenSource is already disposed.
[2025-03-19 13:41:27Z INFO Terminal] WRITE LINE: 2025-03-19 13:41:27Z: Running job: build-and-test
[2025-03-19 13:41:27Z INFO JobDispatcher] Start renew job request 0 for job 0fa4e816-d3b1-5700-bf7e-0eccdbbb4d54.
[2025-03-19 13:41:28Z INFO JobDispatcher] Successfully renew job 0fa4e816-d3b1-5700-bf7e-0eccdbbb4d54, job is valid till 19/03/2025 13:51:27
[2025-03-19 13:41:28Z INFO HostContext] Well known directory 'Bin': 'C:\Users\ouldr\OneDrive\Bureau\rahimdocker\CI-CD\actions-runner\bin'
[2025-03-19 13:41:28Z INFO ProcessInvokerWrapper] Starting process:
[2025-03-19 13:41:28Z INFO ProcessInvokerWrapper]   File name: 'C:\Users\ouldr\OneDrive\Bureau\rahimdocker\CI-CD\actions-runner\bin\Runner.Worker.exe'
[2025-03-19 13:41:28Z INFO ProcessInvokerWrapper]   Arguments: 'spawnclient 2300 2260'
[2025-03-19 13:41:28Z INFO ProcessInvokerWrapper]   Working directory: 'C:\Users\ouldr\OneDrive\Bureau\rahimdocker\CI-CD\actions-runner\bin'
[2025-03-19 13:41:28Z INFO ProcessInvokerWrapper]   Require exit code zero: 'False'
[2025-03-19 13:41:28Z INFO ProcessInvokerWrapper]   Encoding web name:  ; code page: ''
[2025-03-19 13:41:28Z INFO ProcessInvokerWrapper]   Force kill process on cancellation: 'True'
[2025-03-19 13:41:28Z INFO ProcessInvokerWrapper]   Redirected STDIN: 'False'
[2025-03-19 13:41:28Z INFO ProcessInvokerWrapper]   Persist current code page: 'False'
[2025-03-19 13:41:28Z INFO ProcessInvokerWrapper]   Keep redirected STDIN open: 'False'
[2025-03-19 13:41:28Z INFO ProcessInvokerWrapper]   High priority process: 'True'
[2025-03-19 13:41:28Z INFO ProcessInvokerWrapper] Process started with process id 25596, waiting for process exit.
[2025-03-19 13:41:28Z INFO JobDispatcher] Send job request message to worker for job 0fa4e816-d3b1-5700-bf7e-0eccdbbb4d54.
[2025-03-19 13:41:28Z INFO ProcessChannel] Sending message of length 22782, with hash '3d4dbadc06de63557494345376386b38e047826d777823825b031bcab7c01537'
[2025-03-19 13:41:28Z INFO JobNotification] Entering JobStarted Notification
[2025-03-19 13:41:28Z INFO JobNotification] Entering StartMonitor
[2025-03-19 13:42:28Z INFO JobDispatcher] Successfully renew job 0fa4e816-d3b1-5700-bf7e-0eccdbbb4d54, job is valid till 19/03/2025 13:52:27
[2025-03-19 13:43:01Z INFO ProcessInvokerWrapper] STDOUT/STDERR stream read finished.
[2025-03-19 13:43:01Z INFO ProcessInvokerWrapper] STDOUT/STDERR stream read finished.
[2025-03-19 13:43:01Z INFO ProcessInvokerWrapper] Finished process 25596 with exit code 102, and elapsed time 00:01:33.0820824.
[2025-03-19 13:43:01Z INFO JobDispatcher] Worker finished for job 0fa4e816-d3b1-5700-bf7e-0eccdbbb4d54. Code: 102
[2025-03-19 13:43:01Z INFO JobDispatcher] finish job request for job 0fa4e816-d3b1-5700-bf7e-0eccdbbb4d54 with result: Failed
[2025-03-19 13:43:01Z INFO Terminal] WRITE LINE: 2025-03-19 13:43:01Z: Job build-and-test completed with result: Failed
[2025-03-19 13:43:01Z INFO JobDispatcher] Stop renew job request for job 0fa4e816-d3b1-5700-bf7e-0eccdbbb4d54.
[2025-03-19 13:43:01Z INFO JobDispatcher] job renew has been cancelled, stop renew job 0fa4e816-d3b1-5700-bf7e-0eccdbbb4d54.
[2025-03-19 13:43:01Z INFO JobNotification] Entering JobCompleted Notification
[2025-03-19 13:43:01Z INFO JobNotification] Entering EndMonitor
[2025-03-19 13:43:01Z INFO MessageListener] Received job status event. JobState: Online
[2025-03-19 13:46:29Z INFO Terminal] WRITE LINE: Exiting...
[2025-03-19 13:46:29Z INFO ConfigurationStore] IsServiceConfigured()
[2025-03-19 13:46:29Z INFO ConfigurationStore] IsServiceConfigured: False
[2025-03-19 13:46:29Z INFO HostContext] Runner will be shutdown for UserCancelled
[2025-03-19 13:46:29Z WARN GitHubActionsService] GET request to https://broker.actions.githubusercontent.com/message?sessionId=892f56ae-a796-4577-a47b-c926f283ce81&status=Online&runnerVersion=2.322.0&os=Windows&architecture=X64&disableUpdate=false has been cancelled.
[2025-03-19 13:46:29Z ERR  BrokerServer] Catch exception during request
[2025-03-19 13:46:29Z ERR  BrokerServer] System.Threading.Tasks.TaskCanceledException: The operation was canceled.
 ---> System.Threading.Tasks.TaskCanceledException: The operation was canceled.
 ---> System.IO.IOException: Unable to read data from the transport connection: L’opération d’entrée/sortie a été abandonnée en raison de l’arrêt d’un thread ou à la demande d’une application..
 ---> System.Net.Sockets.SocketException (995): L’opération d’entrée/sortie a été abandonnée en raison de l’arrêt d’un thread ou à la demande d’une application.
   --- End of inner exception stack trace ---
   at System.Net.Sockets.Socket.AwaitableSocketAsyncEventArgs.ThrowException(SocketError error, CancellationToken cancellationToken)
   at System.Net.Sockets.Socket.AwaitableSocketAsyncEventArgs.System.Threading.Tasks.Sources.IValueTaskSource<System.Int32>.GetResult(Int16 token)
   at System.Net.Security.SslStream.EnsureFullTlsFrameAsync[TIOAdapter](CancellationToken cancellationToken, Int32 estimatedSize)
   at System.Runtime.CompilerServices.PoolingAsyncValueTaskMethodBuilder`1.StateMachineBox`1.System.Threading.Tasks.Sources.IValueTaskSource<TResult>.GetResult(Int16 token)
   at System.Net.Security.SslStream.ReadAsyncInternal[TIOAdapter](Memory`1 buffer, CancellationToken cancellationToken)
   at System.Runtime.CompilerServices.PoolingAsyncValueTaskMethodBuilder`1.StateMachineBox`1.System.Threading.Tasks.Sources.IValueTaskSource<TResult>.GetResult(Int16 token)
   at System.Net.Http.HttpConnection.SendAsync(HttpRequestMessage request, Boolean async, CancellationToken cancellationToken)
   --- End of inner exception stack trace ---
   at System.Net.Http.HttpConnection.SendAsync(HttpRequestMessage request, Boolean async, CancellationToken cancellationToken)
   at System.Net.Http.AuthenticationHelper.SendWithNtAuthAsync(HttpRequestMessage request, Uri authUri, Boolean async, ICredentials credentials, Boolean isProxyAuth, HttpConnection connection, HttpConnectionPool connectionPool, CancellationToken cancellationToken)
   at System.Net.Http.HttpConnectionPool.SendWithVersionDetectionAndRetryAsync(HttpRequestMessage request, Boolean async, Boolean doRequestAuth, CancellationToken cancellationToken)
   at System.Net.Http.AuthenticationHelper.SendWithAuthAsync(HttpRequestMessage request, Uri authUri, Boolean async, ICredentials credentials, Boolean preAuthenticate, Boolean isProxyAuth, Boolean doRequestAuth, HttpConnectionPool pool, CancellationToken cancellationToken)
   at System.Net.Http.RedirectHandler.SendAsync(HttpRequestMessage request, Boolean async, CancellationToken cancellationToken)
   at GitHub.Services.Common.RawHttpMessageHandler.SendAsync(HttpRequestMessage request, CancellationToken cancellationToken)
   at GitHub.Services.Common.VssHttpRetryMessageHandler.SendAsync(HttpRequestMessage request, CancellationToken cancellationToken)
   at System.Net.Http.HttpClient.<SendAsync>g__Core|83_0(HttpRequestMessage request, HttpCompletionOption completionOption, CancellationTokenSource cts, Boolean disposeCts, CancellationTokenSource pendingRequestsCts, CancellationToken originalCancellationToken)
   --- End of inner exception stack trace ---
   at System.Net.Http.HttpClient.HandleFailure(Exception e, Boolean telemetryStarted, HttpResponseMessage response, CancellationTokenSource cts, CancellationToken cancellationToken, CancellationTokenSource pendingRequestsCts)
   at System.Net.Http.HttpClient.<SendAsync>g__Core|83_0(HttpRequestMessage request, HttpCompletionOption completionOption, CancellationTokenSource cts, Boolean disposeCts, CancellationTokenSource pendingRequestsCts, CancellationToken originalCancellationToken)
   at Sdk.WebApi.WebApi.RawHttpClientBase.SendAsync(HttpRequestMessage message, HttpCompletionOption completionOption, Object userState, CancellationToken cancellationToken)
   at Sdk.WebApi.WebApi.RawHttpClientBase.SendAsync[T](HttpRequestMessage message, Boolean readErrorBody, Object userState, CancellationToken cancellationToken)
   at Sdk.WebApi.WebApi.RawHttpClientBase.SendAsync[T](HttpMethod method, IEnumerable`1 additionalHeaders, Uri requestUri, HttpContent content, IEnumerable`1 queryParameters, Boolean readErrorBody, Object userState, CancellationToken cancellationToken)
   at GitHub.Actions.RunService.WebApi.BrokerHttpClient.GetRunnerMessageAsync(Nullable`1 sessionId, String runnerVersion, Nullable`1 status, String os, String architecture, Nullable`1 disableUpdate, CancellationToken cancellationToken)
   at GitHub.Runner.Common.BrokerServer.<>c__DisplayClass7_0.<<GetRunnerMessageAsync>b__0>d.MoveNext()
--- End of stack trace from previous location ---
   at GitHub.Runner.Common.RunnerService.RetryRequest[T](Func`1 func, CancellationToken cancellationToken, Int32 maxRetryAttemptsCount, Func`2 shouldRetry)
[2025-03-19 13:46:29Z ERR  BrokerServer] #####################################################
[2025-03-19 13:46:29Z ERR  BrokerServer] System.Threading.Tasks.TaskCanceledException: The operation was canceled.
 ---> System.IO.IOException: Unable to read data from the transport connection: L’opération d’entrée/sortie a été abandonnée en raison de l’arrêt d’un thread ou à la demande d’une application..
 ---> System.Net.Sockets.SocketException (995): L’opération d’entrée/sortie a été abandonnée en raison de l’arrêt d’un thread ou à la demande d’une application.
   --- End of inner exception stack trace ---
   at System.Net.Sockets.Socket.AwaitableSocketAsyncEventArgs.ThrowException(SocketError error, CancellationToken cancellationToken)
   at System.Net.Sockets.Socket.AwaitableSocketAsyncEventArgs.System.Threading.Tasks.Sources.IValueTaskSource<System.Int32>.GetResult(Int16 token)
   at System.Net.Security.SslStream.EnsureFullTlsFrameAsync[TIOAdapter](CancellationToken cancellationToken, Int32 estimatedSize)
   at System.Runtime.CompilerServices.PoolingAsyncValueTaskMethodBuilder`1.StateMachineBox`1.System.Threading.Tasks.Sources.IValueTaskSource<TResult>.GetResult(Int16 token)
   at System.Net.Security.SslStream.ReadAsyncInternal[TIOAdapter](Memory`1 buffer, CancellationToken cancellationToken)
   at System.Runtime.CompilerServices.PoolingAsyncValueTaskMethodBuilder`1.StateMachineBox`1.System.Threading.Tasks.Sources.IValueTaskSource<TResult>.GetResult(Int16 token)
   at System.Net.Http.HttpConnection.SendAsync(HttpRequestMessage request, Boolean async, CancellationToken cancellationToken)
   --- End of inner exception stack trace ---
   at System.Net.Http.HttpConnection.SendAsync(HttpRequestMessage request, Boolean async, CancellationToken cancellationToken)
   at System.Net.Http.AuthenticationHelper.SendWithNtAuthAsync(HttpRequestMessage request, Uri authUri, Boolean async, ICredentials credentials, Boolean isProxyAuth, HttpConnection connection, HttpConnectionPool connectionPool, CancellationToken cancellationToken)
   at System.Net.Http.HttpConnectionPool.SendWithVersionDetectionAndRetryAsync(HttpRequestMessage request, Boolean async, Boolean doRequestAuth, CancellationToken cancellationToken)
   at System.Net.Http.AuthenticationHelper.SendWithAuthAsync(HttpRequestMessage request, Uri authUri, Boolean async, ICredentials credentials, Boolean preAuthenticate, Boolean isProxyAuth, Boolean doRequestAuth, HttpConnectionPool pool, CancellationToken cancellationToken)
   at System.Net.Http.RedirectHandler.SendAsync(HttpRequestMessage request, Boolean async, CancellationToken cancellationToken)
   at GitHub.Services.Common.RawHttpMessageHandler.SendAsync(HttpRequestMessage request, CancellationToken cancellationToken)
   at GitHub.Services.Common.VssHttpRetryMessageHandler.SendAsync(HttpRequestMessage request, CancellationToken cancellationToken)
   at System.Net.Http.HttpClient.<SendAsync>g__Core|83_0(HttpRequestMessage request, HttpCompletionOption completionOption, CancellationTokenSource cts, Boolean disposeCts, CancellationTokenSource pendingRequestsCts, CancellationToken originalCancellationToken)
[2025-03-19 13:46:29Z ERR  BrokerServer] #####################################################
[2025-03-19 13:46:29Z ERR  BrokerServer] System.IO.IOException: Unable to read data from the transport connection: L’opération d’entrée/sortie a été abandonnée en raison de l’arrêt d’un thread ou à la demande d’une application..
 ---> System.Net.Sockets.SocketException (995): L’opération d’entrée/sortie a été abandonnée en raison de l’arrêt d’un thread ou à la demande d’une application.
   --- End of inner exception stack trace ---
   at System.Net.Sockets.Socket.AwaitableSocketAsyncEventArgs.ThrowException(SocketError error, CancellationToken cancellationToken)
   at System.Net.Sockets.Socket.AwaitableSocketAsyncEventArgs.System.Threading.Tasks.Sources.IValueTaskSource<System.Int32>.GetResult(Int16 token)
   at System.Net.Security.SslStream.EnsureFullTlsFrameAsync[TIOAdapter](CancellationToken cancellationToken, Int32 estimatedSize)
   at System.Runtime.CompilerServices.PoolingAsyncValueTaskMethodBuilder`1.StateMachineBox`1.System.Threading.Tasks.Sources.IValueTaskSource<TResult>.GetResult(Int16 token)
   at System.Net.Security.SslStream.ReadAsyncInternal[TIOAdapter](Memory`1 buffer, CancellationToken cancellationToken)
   at System.Runtime.CompilerServices.PoolingAsyncValueTaskMethodBuilder`1.StateMachineBox`1.System.Threading.Tasks.Sources.IValueTaskSource<TResult>.GetResult(Int16 token)
   at System.Net.Http.HttpConnection.SendAsync(HttpRequestMessage request, Boolean async, CancellationToken cancellationToken)
[2025-03-19 13:46:29Z ERR  BrokerServer] #####################################################
[2025-03-19 13:46:29Z ERR  BrokerServer] System.Net.Sockets.SocketException (995): L’opération d’entrée/sortie a été abandonnée en raison de l’arrêt d’un thread ou à la demande d’une application.
[2025-03-19 13:46:29Z WARN BrokerServer] Back off 11.084 seconds before next retry. 4 attempt left.
[2025-03-19 13:46:29Z INFO MessageListener] Get next message has been cancelled.
[2025-03-19 13:46:29Z INFO JobDispatcher] Shutting down JobDispatcher. Make sure all WorkerDispatcher has finished.
[2025-03-19 13:46:29Z INFO JobDispatcher] Ensure WorkerDispatcher for job 0fa4e816-d3b1-5700-bf7e-0eccdbbb4d54 run to finish, cancel any running job.
[2025-03-19 13:46:29Z INFO JobDispatcher] Job request 0fa4e816-d3b1-5700-bf7e-0eccdbbb4d54 processed succeed.
[2025-03-19 13:46:29Z INFO Runner] Deleting Runner Session...
[2025-03-19 13:46:29Z INFO Listener] Runner execution been cancelled.
